<?xml version="1.0" encoding="utf-8"?><testsuites name="pytest tests"><testsuite name="pytest" errors="0" failures="0" skipped="1" tests="18" time="12.408" timestamp="2026-07-15T01:24:25.068995+00:00" hostname="agent-env-f8b30f5b-7383-408c-a62b-7a5cce9284ec"><testcase classname="tests.test_phase2.TestFinancial" name="test_summary_shape_and_mrr" time="0.667" /><testcase classname="tests.test_phase2.TestCompliance" name="test_low_risk_clean_text" time="0.749" /><testcase classname="tests.test_phase2.TestFinancial" name="test_transactions_list" time="0.050" /><testcase classname="tests.test_phase2.TestFinancial" name="test_mark_pending_as_paid" time="0.062"><skipped type="pytest.skip" message="No pending transactions to test">/app/backend/tests/test_phase2.py:156: No pending transactions to test</skipped></testcase><testcase classname="tests.test_phase2.TestFinancial" name="test_create_transaction_persists" time="0.110" /><testcase classname="tests.test_phase2.TestCompliance" name="test_high_risk_multiple_forbidden" time="0.098" /><testcase classname="tests.test_phase2.TestCompliance" name="test_superlative_atencao" time="0.044" /><testcase classname="tests.test_phase2.TestFinancial" name="test_profitability" time="0.055" /><testcase classname="tests.test_phase2.TestCompliance" name="test_content_compliance_endpoint" time="0.098" /><testcase classname="tests.test_phase2.TestCalendar" name="test_calendar_current_month" time="0.054" /><testcase classname="tests.test_phase2.TestAuthRegression" name="test_login_admin" time="0.373" /><testcase classname="tests.test_phase2.TestCalendar" name="test_calendar_holidays_jul" time="0.050" /><testcase classname="tests.test_phase2.TestCalendar" name="test_calendar_holidays_sep" time="0.059" /><testcase classname="tests.test_phase2.TestCalendar" name="test_calendar_holidays_oct" time="0.254" /><testcase classname="tests.test_phase2.TestAuthRegression" name="test_login_bad_credentials" time="2.653" /><testcase classname="tests.test_phase2.TestAI" name="test_ai_generate_caption" time="10.570" /><testcase classname="tests.test_phase2.TestBrandKit" name="test_get_aurora_brand_kit" time="0.049" /><testcase classname="tests.test_phase2.TestBrandKit" name="test_put_brand_kit_persists" time="0.184" /></testsuite></testsuites>