<?xml version="1.0" encoding="utf-8"?><testsuites name="pytest tests"><testsuite name="pytest" errors="0" failures="0" skipped="0" tests="19" time="2.039" timestamp="2026-07-15T01:39:05.434720+00:00" hostname="agent-env-f8b30f5b-7383-408c-a62b-7a5cce9284ec"><testcase classname="tests.test_phase3.TestRegressionPhase12" name="test_dashboard_summary" time="0.682" /><testcase classname="tests.test_phase3.TestRegressionPhase12" name="test_clients_list" time="0.048" /><testcase classname="tests.test_phase3.TestStorySequences" name="test_list_sequences_for_aurora" time="0.770" /><testcase classname="tests.test_phase3.TestRegressionPhase12" name="test_leads_list" time="0.047" /><testcase classname="tests.test_phase3.TestStorySequences" name="test_send_approval_updates_status" time="0.142" /><testcase classname="tests.test_phase3.TestRegressionPhase12" name="test_content_list" time="0.047" /><testcase classname="tests.test_phase3.TestRegressionPhase12" name="test_financial_summary" time="0.058" /><testcase classname="tests.test_phase3.TestTasks" name="test_list_tasks" time="0.047" /><testcase classname="tests.test_phase3.TestStorySequences" name="test_batch_approve" time="0.100" /><testcase classname="tests.test_phase3.TestTasks" name="test_capacity" time="0.051" /><testcase classname="tests.test_phase3.TestTasks" name="test_create_task" time="0.343" /><testcase classname="tests.test_phase3.TestStorySequences" name="test_update_sequence_frames" time="0.090" /><testcase classname="tests.test_phase3.TestStorySequences" name="test_create_and_delete_sequence" time="0.131" /><testcase classname="tests.test_phase3.TestMetrics" name="test_list_metrics_aurora" time="0.091" /><testcase classname="tests.test_phase3.TestMetrics" name="test_upsert_metrics" time="0.092" /><testcase classname="tests.test_phase3.TestTasks" name="test_patch_missing_task_returns_404" time="0.048" /><testcase classname="tests.test_phase3.TestReports" name="test_list_reports_aurora" time="0.092" /><testcase classname="tests.test_phase3.TestReports" name="test_get_report_detail_includes_metrics_and_top" time="0.107" /><testcase classname="tests.test_phase3.TestReports" name="test_upsert_report" time="0.094" /></testsuite></testsuites>